# JRE version: OpenJDK Runtime Environment (11.0+28) (build 11+28)
# Java VM: OpenJDK 64-Bit Server VM (11+28, mixed mode, tiered, compressed oops, g1 gc, bsd-amd64)
Heap:
 garbage-first heap   total 524288K, used 12768K [0x0000000780000000, 0x0000000800000000)
  region size 1024K, 6 young (6144K), 4 survivors (4096K)
 Metaspace       used 24873K, capacity 25619K, committed 25856K, reserved 1071104K
  class space    used 2913K, capacity 3207K, committed 3328K, reserved 1048576K
GC Heap History (6 events):
Event: 0.482 GC heap before
{Heap before GC invocations=0 (full 0):
 garbage-first heap   total 524288K, used 25600K [0x0000000780000000, 0x0000000800000000)
  region size 1024K, 25 young (25600K), 0 survivors (0K)
 Metaspace       used 13337K, capacity 13622K, committed 13824K, reserved 1060864K
  class space    used 1405K, capacity 1510K, committed 1536K, reserved 1048576K
}
Event: 0.487 GC heap after
{Heap after GC invocations=1 (full 0):
 garbage-first heap   total 524288K, used 7093K [0x0000000780000000, 0x0000000800000000)
  region size 1024K, 4 young (4096K), 4 survivors (4096K)
 Metaspace       used 13337K, capacity 13622K, committed 13824K, reserved 1060864K
  class space    used 1405K, capacity 1510K, committed 1536K, reserved 1048576K
}
Event: 0.841 GC heap before
{Heap before GC invocations=1 (full 0):
 garbage-first heap   total 524288K, used 49077K [0x0000000780000000, 0x0000000800000000)
  region size 1024K, 47 young (48128K), 4 survivors (4096K)
 Metaspace       used 20562K, capacity 21036K, committed 21248K, reserved 1069056K
  class space    used 2323K, capacity 2494K, committed 2560K, reserved 1048576K
}
Event: 0.846 GC heap after
{Heap after GC invocations=2 (full 0):
 garbage-first heap   total 524288K, used 8819K [0x0000000780000000, 0x0000000800000000)
  region size 1024K, 6 young (6144K), 6 survivors (6144K)
 Metaspace       used 20562K, capacity 21036K, committed 21248K, reserved 1069056K
  class space    used 2323K, capacity 2494K, committed 2560K, reserved 1048576K
}
Event: 1.339 GC heap before
{Heap before GC invocations=3 (full 0):
 garbage-first heap   total 524288K, used 28275K [0x0000000780000000, 0x0000000800000000)
  region size 1024K, 25 young (25600K), 6 survivors (6144K)
 Metaspace       used 24809K, capacity 25543K, committed 25856K, reserved 1071104K
  class space    used 2904K, capacity 3203K, committed 3328K, reserved 1048576K
}
Event: 1.342 GC heap after
{Heap after GC invocations=4 (full 0):
 garbage-first heap   total 524288K, used 11744K [0x0000000780000000, 0x0000000800000000)
  region size 1024K, 4 young (4096K), 4 survivors (4096K)
 Metaspace       used 24809K, capacity 25543K, committed 25856K, reserved 1071104K
  class space    used 2904K, capacity 3203K, committed 3328K, reserved 1048576K
}

